Using pre-set license
Built from '2021.3/staging' branch; Version is '2021.3.9f1 (ad3870b89536) revision 11352176'; Using compiler version '192829333'; Build Type 'Release'
OS: 'Windows 10  (10.0.19045) 64bit Professional' Language: 'es' Physical Memory: 16202 MB
BatchMode: 1, IsHumanControllingUs: 0, StartBugReporterOnCrash: 0, Is64bit: 1, IsPro: 1

COMMAND LINE ARGUMENTS:
C:\Program Files\Unity\Hub\Editor\2021.3.9f1\Editor\Unity.exe
-adb2
-batchMode
-noUpm
-name
AssetImportWorker2
-projectPath
C:/Users/pablo/Documents/Ciudad sin URP
-logFile
Logs/AssetImportWorker2.log
-srvPort
55836
Successfully changed project path to: C:/Users/pablo/Documents/Ciudad sin URP
C:/Users/pablo/Documents/Ciudad sin URP
[UnityMemory] Configuration Parameters - Can be set up in boot.config
    "memorysetup-bucket-allocator-granularity=16"
    "memorysetup-bucket-allocator-bucket-count=8"
    "memorysetup-bucket-allocator-block-size=33554432"
    "memorysetup-bucket-allocator-block-count=8"
    "memorysetup-main-allocator-block-size=16777216"
    "memorysetup-thread-allocator-block-size=16777216"
    "memorysetup-gfx-main-allocator-block-size=16777216"
    "memorysetup-gfx-thread-allocator-block-size=16777216"
    "memorysetup-cache-allocator-block-size=4194304"
    "memorysetup-typetree-allocator-block-size=2097152"
    "memorysetup-profiler-bucket-allocator-granularity=16"
    "memorysetup-profiler-bucket-allocator-bucket-count=8"
    "memorysetup-profiler-bucket-allocator-block-size=33554432"
    "memorysetup-profiler-bucket-allocator-block-count=8"
    "memorysetup-profiler-allocator-block-size=16777216"
    "memorysetup-profiler-editor-allocator-block-size=1048576"
    "memorysetup-temp-allocator-size-main=16777216"
    "memorysetup-job-temp-allocator-block-size=2097152"
    "memorysetup-job-temp-allocator-block-size-background=1048576"
    "memorysetup-job-temp-allocator-reduction-small-platforms=262144"
    "memorysetup-temp-allocator-size-background-worker=32768"
    "memorysetup-temp-allocator-size-job-worker=262144"
    "memorysetup-temp-allocator-size-preload-manager=33554432"
    "memorysetup-temp-allocator-size-nav-mesh-worker=65536"
    "memorysetup-temp-allocator-size-audio-worker=65536"
    "memorysetup-temp-allocator-size-cloud-worker=32768"
    "memorysetup-temp-allocator-size-gi-baking-worker=262144"
    "memorysetup-temp-allocator-size-gfx=262144"
Refreshing native plugins compatible for Editor in 89.40 ms, found 3 plugins.
Preloading 0 native plugins for Editor in 0.00 ms.
Initialize engine version: 2021.3.9f1 (ad3870b89536)
[Subsystems] Discovering subsystems at path C:/Program Files/Unity/Hub/Editor/2021.3.9f1/Editor/Data/Resources/UnitySubsystems
[Subsystems] Discovering subsystems at path C:/Users/pablo/Documents/Ciudad sin URP/Assets
GfxDevice: creating device client; threaded=0; jobified=0
Direct3D:
    Version:  Direct3D 11.0 [level 11.1]
    Renderer: NVIDIA GeForce RTX 3060 Laptop GPU (ID=0x2520)
    Vendor:   NVIDIA
    VRAM:     6023 MB
    Driver:   31.0.15.2225
Initialize mono
Mono path[0] = 'C:/Program Files/Unity/Hub/Editor/2021.3.9f1/Editor/Data/Managed'
Mono path[1] = 'C:/Program Files/Unity/Hub/Editor/2021.3.9f1/Editor/Data/MonoBleedingEdge/lib/mono/unityjit-win32'
Mono config path = 'C:/Program Files/Unity/Hub/Editor/2021.3.9f1/Editor/Data/MonoBleedingEdge/etc'
Using monoOptions --debugger-agent=transport=dt_socket,embedding=1,server=y,suspend=n,address=127.0.0.1:56892
Begin MonoManager ReloadAssembly
Registering precompiled unity dll's ...
Register platform support module: C:/Program Files/Unity/Hub/Editor/2021.3.9f1/Editor/Data/PlaybackEngines/WebGLSupport/UnityEditor.WebGL.Extensions.dll
Register platform support module: C:/Program Files/Unity/Hub/Editor/2021.3.9f1/Editor/Data/PlaybackEngines/WindowsStandaloneSupport/UnityEditor.WindowsStandalone.Extensions.dll
Registered in 0.007101 seconds.
Native extension for WindowsStandalone target not found
Native extension for WebGL target not found
Refreshing native plugins compatible for Editor in 83.18 ms, found 3 plugins.
Preloading 0 native plugins for Editor in 0.00 ms.
Mono: successfully reloaded assembly
- Completed reload, in  0.622 seconds
Domain Reload Profiling:
	ReloadAssembly (623ms)
		BeginReloadAssembly (74ms)
			ExecutionOrderSort (0ms)
			DisableScriptedObjects (0ms)
			BackupInstance (0ms)
			ReleaseScriptingObjects (0ms)
			CreateAndSetChildDomain (1ms)
		EndReloadAssembly (444ms)
			LoadAssemblies (72ms)
			RebuildTransferFunctionScriptingTraits (0ms)
			SetupTypeCache (103ms)
			ReleaseScriptCaches (0ms)
			RebuildScriptCaches (27ms)
			SetupLoadedEditorAssemblies (260ms)
				LogAssemblyErrors (0ms)
				InitializePlatformSupportModulesInManaged (8ms)
				SetLoadedEditorAssemblies (0ms)
				RefreshPlugins (83ms)
				BeforeProcessingInitializeOnLoad (1ms)
				ProcessInitializeOnLoadAttributes (129ms)
				ProcessInitializeOnLoadMethodAttributes (38ms)
				AfterProcessingInitializeOnLoad (0ms)
				EditorAssembliesLoaded (0ms)
			ExecutionOrderSort2 (0ms)
			AwakeInstancesAfterBackupRestoration (0ms)
Platform modules already initialized, skipping
Registering precompiled user dll's ...
Registered in 0.005055 seconds.
Begin MonoManager ReloadAssembly
Symbol file LoadedFromMemory doesn't match image C:\Users\pablo\Documents\Ciudad sin URP\Library\PackageCache\com.unity.visualscripting@1.7.8\Editor\VisualScripting.Core\Dependencies\YamlDotNet\Unity.VisualScripting.YamlDotNet.dll
Symbol file LoadedFromMemory doesn't match image C:\Users\pablo\Documents\Ciudad sin URP\Library\PackageCache\com.unity.visualscripting@1.7.8\Editor\VisualScripting.Core\Dependencies\DotNetZip\Unity.VisualScripting.IonicZip.dll
Native extension for WindowsStandalone target not found
Native extension for WebGL target not found
Refreshing native plugins compatible for Editor in 89.17 ms, found 3 plugins.
Preloading 0 native plugins for Editor in 0.00 ms.
Mono: successfully reloaded assembly
- Completed reload, in  1.884 seconds
Domain Reload Profiling:
	ReloadAssembly (1884ms)
		BeginReloadAssembly (98ms)
			ExecutionOrderSort (0ms)
			DisableScriptedObjects (5ms)
			BackupInstance (0ms)
			ReleaseScriptingObjects (0ms)
			CreateAndSetChildDomain (15ms)
		EndReloadAssembly (1679ms)
			LoadAssemblies (74ms)
			RebuildTransferFunctionScriptingTraits (0ms)
			SetupTypeCache (251ms)
			ReleaseScriptCaches (1ms)
			RebuildScriptCaches (49ms)
			SetupLoadedEditorAssemblies (1267ms)
				LogAssemblyErrors (0ms)
				InitializePlatformSupportModulesInManaged (5ms)
				SetLoadedEditorAssemblies (0ms)
				RefreshPlugins (89ms)
				BeforeProcessingInitializeOnLoad (93ms)
				ProcessInitializeOnLoadAttributes (282ms)
				ProcessInitializeOnLoadMethodAttributes (790ms)
				AfterProcessingInitializeOnLoad (8ms)
				EditorAssembliesLoaded (0ms)
			ExecutionOrderSort2 (0ms)
			AwakeInstancesAfterBackupRestoration (5ms)
Platform modules already initialized, skipping
========================================================================
Worker process is ready to serve import requests
Launched and connected shader compiler UnityShaderCompiler.exe after 0.09 seconds
Refreshing native plugins compatible for Editor in 0.62 ms, found 3 plugins.
Preloading 0 native plugins for Editor in 0.00 ms.
Unloading 3802 Unused Serialized files (Serialized files now loaded: 0)
Unloading 30 unused Assets / (112.1 KB). Loaded Objects now: 4266.
Memory consumption went from 137.5 MB to 137.4 MB.
Total: 4.295700 ms (FindLiveObjects: 0.303400 ms CreateObjectMapping: 0.851600 ms MarkObjects: 2.928200 ms  DeleteObjects: 0.211900 ms)

AssetImportParameters requested are different than current active one (requested -> active):
  custom:video-decoder-ogg-theora: a1e56fd34408186e4bbccfd4996cb3dc -> 
  custom:container-muxer-webm: aa71ff27fc2769a1b78a27578f13a17b -> 
  custom:container-demuxer-webm: 4f35f7cbe854078d1ac9338744f61a02 -> 
  custom:video-encoder-webm-vp8: eb34c28f22e8b96e1ab97ce403110664 -> 
  custom:audio-encoder-webm-vorbis: bf7c407c2cedff20999df2af8eb42d56 -> 
  custom:framework-win-MediaFoundation: 216162199b28c13a410421893ffa2e32 -> 
  custom:container-demuxer-ogg: 62fdf1f143b41e24485cea50d1cbac27 -> 
  custom:video-decoder-webm-vp8: 9c59270c3fd7afecdb556c50c9e8de78 -> 
  custom:audio-decoder-ogg-vorbis: bf7c407c2cedff20999df2af8eb42d56 -> 
========================================================================
Received Import Request.
  Time since last request: 2293.496565 seconds.
  path: Assets/Materialurgia/MaderaEstanteria.mat
  artifactKey: Guid(1b1f3ad285a914c4fbe29d16670154bb) Importer(815301076,1909f56bfc062723c751e8b465ee728b)
Start importing Assets/Materialurgia/MaderaEstanteria.mat using Guid(1b1f3ad285a914c4fbe29d16670154bb) Importer(815301076,1909f56bfc062723c751e8b465ee728b)  -> (artifact id: 'f5af31067729e307e1772642c89774e2') in 0.100088 seconds 
========================================================================
Received Import Request.
  Time since last request: 232.300866 seconds.
  path: Assets/Food Pack Mixed
  artifactKey: Guid(3554abb54defe6c42a073afa335cf051) Importer(815301076,1909f56bfc062723c751e8b465ee728b)
Start importing Assets/Food Pack Mixed using Guid(3554abb54defe6c42a073afa335cf051) Importer(815301076,1909f56bfc062723c751e8b465ee728b)  -> (artifact id: '2f1a7d315aa24568ea69c14e60232df9') in 0.007172 seconds 
========================================================================
Received Import Request.
  Time since last request: 1.562329 seconds.
  path: Assets/Food Pack Mixed/Prefabs
  artifactKey: Guid(06f92ecdf38199f4d8849a9b8c3d72f6) Importer(815301076,1909f56bfc062723c751e8b465ee728b)
Start importing Assets/Food Pack Mixed/Prefabs using Guid(06f92ecdf38199f4d8849a9b8c3d72f6) Importer(815301076,1909f56bfc062723c751e8b465ee728b)  -> (artifact id: '90a69055ad8e0495442b0f0933ec1def') in 0.008081 seconds 
========================================================================
Received Import Request.
  Time since last request: 0.049348 seconds.
  path: Assets/Food Pack Mixed/Prefabs/Almonds.prefab
  artifactKey: Guid(de210fd90ad6dc646b16695a73ecb68b) Importer(815301076,1909f56bfc062723c751e8b465ee728b)
Start importing Assets/Food Pack Mixed/Prefabs/Almonds.prefab using Guid(de210fd90ad6dc646b16695a73ecb68b) Importer(815301076,1909f56bfc062723c751e8b465ee728b)  -> (artifact id: '47a69437cd94b12d5ac397f7b3aab6a5') in 0.065887 seconds 
========================================================================
Received Import Request.
  Time since last request: 0.000019 seconds.
  path: Assets/Food Pack Mixed/Prefabs/Carrots.prefab
  artifactKey: Guid(d84175fc0fe8e2b4497a019ac65c2c30) Importer(815301076,1909f56bfc062723c751e8b465ee728b)
Start importing Assets/Food Pack Mixed/Prefabs/Carrots.prefab using Guid(d84175fc0fe8e2b4497a019ac65c2c30) Importer(815301076,1909f56bfc062723c751e8b465ee728b)  -> (artifact id: 'ae3c2100ddc0a600067653b8fbebf58c') in 0.143321 seconds 
========================================================================
Received Import Request.
  Time since last request: 0.000022 seconds.
  path: Assets/Food Pack Mixed/Prefabs/OliveOil_NoVariants (761 tris).prefab
  artifactKey: Guid(cbd05acb56e7f6246ad7184ffb112eb9) Importer(815301076,1909f56bfc062723c751e8b465ee728b)
Start importing Assets/Food Pack Mixed/Prefabs/OliveOil_NoVariants (761 tris).prefab using Guid(cbd05acb56e7f6246ad7184ffb112eb9) Importer(815301076,1909f56bfc062723c751e8b465ee728b)  -> (artifact id: '69ea004fce0419805e36502edce4c6fe') in 0.049154 seconds 
========================================================================
Received Import Request.
  Time since last request: 0.000023 seconds.
  path: Assets/Food Pack Mixed/Prefabs/VanillaExtract_NoVariants (761 tris).prefab
  artifactKey: Guid(6a7f9fef53fe12d4fb1f9cc72c88b568) Importer(815301076,1909f56bfc062723c751e8b465ee728b)
Start importing Assets/Food Pack Mixed/Prefabs/VanillaExtract_NoVariants (761 tris).prefab using Guid(6a7f9fef53fe12d4fb1f9cc72c88b568) Importer(815301076,1909f56bfc062723c751e8b465ee728b)  -> (artifact id: '95307e67bf9586dbd21cd67f168f85f3') in 0.045637 seconds 
========================================================================
Received Import Request.
  Time since last request: 0.000018 seconds.
  path: Assets/Food Pack Mixed/Prefabs/Yogurt_41 Tris.prefab
  artifactKey: Guid(62aff30fa9c9d01419de0b76034f723b) Importer(815301076,1909f56bfc062723c751e8b465ee728b)
Start importing Assets/Food Pack Mixed/Prefabs/Yogurt_41 Tris.prefab using Guid(62aff30fa9c9d01419de0b76034f723b) Importer(815301076,1909f56bfc062723c751e8b465ee728b)  -> (artifact id: '1e24b8d17d08acea1d5723f503e7975f') in 0.032185 seconds 
========================================================================
Received Import Request.
  Time since last request: 0.000022 seconds.
  path: Assets/Food Pack Mixed/Prefabs/Dried Yeast.prefab
  artifactKey: Guid(fe6aaa943b039ff41b1e7d6409a29c32) Importer(815301076,1909f56bfc062723c751e8b465ee728b)
Start importing Assets/Food Pack Mixed/Prefabs/Dried Yeast.prefab using Guid(fe6aaa943b039ff41b1e7d6409a29c32) Importer(815301076,1909f56bfc062723c751e8b465ee728b)  -> (artifact id: '5354b6ee30f3fd285a4799b823ed2ad7') in 0.032034 seconds 
========================================================================
Received Import Request.
  Time since last request: 0.000023 seconds.
  path: Assets/Food Pack Mixed/Prefabs/GelatinPowder.prefab
  artifactKey: Guid(573733f748f0cd94784268b7c7679da5) Importer(815301076,1909f56bfc062723c751e8b465ee728b)
Start importing Assets/Food Pack Mixed/Prefabs/GelatinPowder.prefab using Guid(573733f748f0cd94784268b7c7679da5) Importer(815301076,1909f56bfc062723c751e8b465ee728b)  -> (artifact id: '18a47d86f5ebb54adbb8eef841e21f81') in 0.019152 seconds 
========================================================================
Received Import Request.
  Time since last request: 0.000016 seconds.
  path: Assets/Food Pack Mixed/Prefabs/SodaCan.prefab
  artifactKey: Guid(46acc2e8b243bdc47bb1184ba8b1091b) Importer(815301076,1909f56bfc062723c751e8b465ee728b)
Start importing Assets/Food Pack Mixed/Prefabs/SodaCan.prefab using Guid(46acc2e8b243bdc47bb1184ba8b1091b) Importer(815301076,1909f56bfc062723c751e8b465ee728b)  -> (artifact id: '348916758f5c4f0c96f4db92bf3ece89') in 0.051294 seconds 
========================================================================
Received Import Request.
  Time since last request: 0.000021 seconds.
  path: Assets/Food Pack Mixed/Prefabs/Garlic.prefab
  artifactKey: Guid(64ba0db9f2d9c9d46ad33dc64ac3812f) Importer(815301076,1909f56bfc062723c751e8b465ee728b)
Start importing Assets/Food Pack Mixed/Prefabs/Garlic.prefab using Guid(64ba0db9f2d9c9d46ad33dc64ac3812f) Importer(815301076,1909f56bfc062723c751e8b465ee728b)  -> (artifact id: 'c4073162e75e7de9f74d602bb831352c') in 0.042042 seconds 
========================================================================
Received Import Request.
  Time since last request: 0.000016 seconds.
  path: Assets/Food Pack Mixed/Prefabs/BeerBottle.prefab
  artifactKey: Guid(293ec170ec9912240b5765c4cf87f845) Importer(815301076,1909f56bfc062723c751e8b465ee728b)
Start importing Assets/Food Pack Mixed/Prefabs/BeerBottle.prefab using Guid(293ec170ec9912240b5765c4cf87f845) Importer(815301076,1909f56bfc062723c751e8b465ee728b)  -> (artifact id: '72e6c41b8849b069c0787fc082745901') in 0.109903 seconds 
========================================================================
Received Import Request.
  Time since last request: 0.000019 seconds.
  path: Assets/Food Pack Mixed/Prefabs/OreganoPowder.prefab
  artifactKey: Guid(12a8baff72b45b14a90997f41d99d70e) Importer(815301076,1909f56bfc062723c751e8b465ee728b)
Start importing Assets/Food Pack Mixed/Prefabs/OreganoPowder.prefab using Guid(12a8baff72b45b14a90997f41d99d70e) Importer(815301076,1909f56bfc062723c751e8b465ee728b)  -> (artifact id: '7b1c33a4279a7966f8c9d65aff020015') in 0.031723 seconds 
========================================================================
Received Import Request.
  Time since last request: 0.000030 seconds.
  path: Assets/Food Pack Mixed/Prefabs/TomatoSoup.prefab
  artifactKey: Guid(30b4fdb878d30ed4785dd14c0ec69b1c) Importer(815301076,1909f56bfc062723c751e8b465ee728b)
Start importing Assets/Food Pack Mixed/Prefabs/TomatoSoup.prefab using Guid(30b4fdb878d30ed4785dd14c0ec69b1c) Importer(815301076,1909f56bfc062723c751e8b465ee728b)  -> (artifact id: 'ec829c502bbd65d2a03e34db1e1abff7') in 0.036614 seconds 
========================================================================
Received Import Request.
  Time since last request: 0.000018 seconds.
  path: Assets/Food Pack Mixed/Prefabs/JuicePack.prefab
  artifactKey: Guid(4e3d4cb66ba4baa4ba96760c052f6311) Importer(815301076,1909f56bfc062723c751e8b465ee728b)
Start importing Assets/Food Pack Mixed/Prefabs/JuicePack.prefab using Guid(4e3d4cb66ba4baa4ba96760c052f6311) Importer(815301076,1909f56bfc062723c751e8b465ee728b)  -> (artifact id: '9531fdbd69039dce70b0362197674ccd') in 0.043828 seconds 
========================================================================
Received Import Request.
  Time since last request: 0.000022 seconds.
  path: Assets/Food Pack Mixed/Prefabs/Meat.prefab
  artifactKey: Guid(186bb226158075c44bd820fdc0afb740) Importer(815301076,1909f56bfc062723c751e8b465ee728b)
Start importing Assets/Food Pack Mixed/Prefabs/Meat.prefab using Guid(186bb226158075c44bd820fdc0afb740) Importer(815301076,1909f56bfc062723c751e8b465ee728b)  -> (artifact id: 'af6579d4166b822be707555308eb7709') in 0.038857 seconds 
========================================================================
Received Import Request.
  Time since last request: 0.000023 seconds.
  path: Assets/Food Pack Mixed/Prefabs/MincedBeef.prefab
  artifactKey: Guid(1d9df283f9aaa1f46affda151512363b) Importer(815301076,1909f56bfc062723c751e8b465ee728b)
Start importing Assets/Food Pack Mixed/Prefabs/MincedBeef.prefab using Guid(1d9df283f9aaa1f46affda151512363b) Importer(815301076,1909f56bfc062723c751e8b465ee728b)  -> (artifact id: '39a856cadd69283cad6f7735522ba434') in 0.035659 seconds 
========================================================================
Received Import Request.
  Time since last request: 0.000017 seconds.
  path: Assets/Food Pack Mixed/Prefabs/GarlicCloves.prefab
  artifactKey: Guid(b610904c6c445174ca7fa1f39e38a6eb) Importer(815301076,1909f56bfc062723c751e8b465ee728b)
Start importing Assets/Food Pack Mixed/Prefabs/GarlicCloves.prefab using Guid(b610904c6c445174ca7fa1f39e38a6eb) Importer(815301076,1909f56bfc062723c751e8b465ee728b)  -> (artifact id: '1e770e9a2da4fd1bd80bba7c547406f7') in 0.038629 seconds 
========================================================================
Received Import Request.
  Time since last request: 0.000019 seconds.
  path: Assets/Food Pack Mixed/Prefabs/BlackPepper.prefab
  artifactKey: Guid(ef8149f66ca28af4a871b92b646eb080) Importer(815301076,1909f56bfc062723c751e8b465ee728b)
Start importing Assets/Food Pack Mixed/Prefabs/BlackPepper.prefab using Guid(ef8149f66ca28af4a871b92b646eb080) Importer(815301076,1909f56bfc062723c751e8b465ee728b)  -> (artifact id: 'ea3e1fd5ca548df10a2ca2c6bc2b578e') in 0.028572 seconds 
========================================================================
Received Import Request.
  Time since last request: 0.000017 seconds.
  path: Assets/Food Pack Mixed/Prefabs/Tomato.prefab
  artifactKey: Guid(631b072a88243ca4c99acaa4414cd28f) Importer(815301076,1909f56bfc062723c751e8b465ee728b)
Start importing Assets/Food Pack Mixed/Prefabs/Tomato.prefab using Guid(631b072a88243ca4c99acaa4414cd28f) Importer(815301076,1909f56bfc062723c751e8b465ee728b)  -> (artifact id: 'dc6e57bc745adc4a0bc7e570253b04e1') in 0.066201 seconds 
========================================================================
Received Import Request.
  Time since last request: 0.000024 seconds.
  path: Assets/Food Pack Mixed/Prefabs/ChilliPowder.prefab
  artifactKey: Guid(0a192fa34d09c63438d3c0fd81ddab90) Importer(815301076,1909f56bfc062723c751e8b465ee728b)
Start importing Assets/Food Pack Mixed/Prefabs/ChilliPowder.prefab using Guid(0a192fa34d09c63438d3c0fd81ddab90) Importer(815301076,1909f56bfc062723c751e8b465ee728b)  -> (artifact id: '10178e598a3ac81918fb7e03047372b2') in 0.031886 seconds 
========================================================================
Received Import Request.
  Time since last request: 0.000026 seconds.
  path: Assets/Food Pack Mixed/Prefabs/Capsicum.prefab
  artifactKey: Guid(8f069a4ce18677f4db8b5f022cb729e1) Importer(815301076,1909f56bfc062723c751e8b465ee728b)
Start importing Assets/Food Pack Mixed/Prefabs/Capsicum.prefab using Guid(8f069a4ce18677f4db8b5f022cb729e1) Importer(815301076,1909f56bfc062723c751e8b465ee728b)  -> (artifact id: '353abc55784ebc9bf089155cb043ed5b') in 0.059262 seconds 
========================================================================
Received Import Request.
  Time since last request: 0.000016 seconds.
  path: Assets/Food Pack Mixed/Prefabs/DriedGarlicPowder.prefab
  artifactKey: Guid(d29d283951cbb694ba0a4e7da9b5ec98) Importer(815301076,1909f56bfc062723c751e8b465ee728b)
Start importing Assets/Food Pack Mixed/Prefabs/DriedGarlicPowder.prefab using Guid(d29d283951cbb694ba0a4e7da9b5ec98) Importer(815301076,1909f56bfc062723c751e8b465ee728b)  -> (artifact id: '58f3ab41550c54a6888ef348365c5498') in 0.026998 seconds 
========================================================================
Received Import Request.
  Time since last request: 0.000020 seconds.
  path: Assets/Food Pack Mixed/Prefabs/Chips.prefab
  artifactKey: Guid(ccebba70701c0f245bf8f19075efd2e8) Importer(815301076,1909f56bfc062723c751e8b465ee728b)
Start importing Assets/Food Pack Mixed/Prefabs/Chips.prefab using Guid(ccebba70701c0f245bf8f19075efd2e8) Importer(815301076,1909f56bfc062723c751e8b465ee728b)  -> (artifact id: '15ba418070fcedf875d64003d6b04844') in 0.037574 seconds 
========================================================================
Received Import Request.
  Time since last request: 0.000017 seconds.
  path: Assets/Food Pack Mixed/Prefabs/BlueBerries.prefab
  artifactKey: Guid(c7c237ea5aba3e3498cd1e34a39b3a6a) Importer(815301076,1909f56bfc062723c751e8b465ee728b)
Start importing Assets/Food Pack Mixed/Prefabs/BlueBerries.prefab using Guid(c7c237ea5aba3e3498cd1e34a39b3a6a) Importer(815301076,1909f56bfc062723c751e8b465ee728b)  -> (artifact id: '53d7c3000f1246dcd7d7864b053628e3') in 0.037006 seconds 
========================================================================
Received Import Request.
  Time since last request: 0.000021 seconds.
  path: Assets/Food Pack Mixed/Prefabs/CocoaPowder.prefab
  artifactKey: Guid(3c12f8b956d1b514182a249e12f61de1) Importer(815301076,1909f56bfc062723c751e8b465ee728b)
Start importing Assets/Food Pack Mixed/Prefabs/CocoaPowder.prefab using Guid(3c12f8b956d1b514182a249e12f61de1) Importer(815301076,1909f56bfc062723c751e8b465ee728b)  -> (artifact id: '3c1ab1636b72c62292c81413c8980169') in 0.026947 seconds 
========================================================================
Received Import Request.
  Time since last request: 0.000019 seconds.
  path: Assets/Food Pack Mixed/Prefabs/Potato.prefab
  artifactKey: Guid(14a510790c4486a4e9105dca33b4c366) Importer(815301076,1909f56bfc062723c751e8b465ee728b)
Start importing Assets/Food Pack Mixed/Prefabs/Potato.prefab using Guid(14a510790c4486a4e9105dca33b4c366) Importer(815301076,1909f56bfc062723c751e8b465ee728b)  -> (artifact id: '90ea1deab257b65e236a7ed36a5f098c') in 0.037595 seconds 
Editor requested this worker to shutdown with reason: Scaling down because of idle timeout
AssetImportWorker is now disconnected from the server
Process exiting
Exiting without the bug reporter. Application will terminate with return code 0